2021-09-24 18:54:58.721 [main][8070] INFO  step_definations.Hooks - Launch Chrome Browser
2021-09-24 18:55:12.722 [main][22071] INFO  step_definations.ElectricalSteps - User is on the Home Page
2021-09-24 18:55:12.729 [main][22078] DEBUG page_object.SignIn - Click on My Account
2021-09-24 18:55:18.111 [main][27460] DEBUG page_object.SignIn - Click on Account Profile
2021-09-24 18:55:29.809 [main][39158] INFO  step_definations.SignInSteps - user has entered Credentials
2021-09-24 18:55:29.811 [main][39160] DEBUG page_object.SignIn - User clicked on login button
2021-09-24 18:55:30.784 [main][40133] DEBUG page_object.SignIn - User is on the Home Page
2021-09-24 18:55:36.340 [main][45689] INFO  step_definations.Hooks - Close Chrome Browser
2021-09-24 18:55:38.708 [main][48057] INFO  step_definations.Hooks - Launch Chrome Browser
2021-09-24 18:55:57.222 [main][66571] INFO  step_definations.ElectricalSteps - User is on the Home Page
2021-09-24 18:55:57.226 [main][66575] DEBUG page_object.SignIn - Click on My Account
2021-09-24 18:56:04.090 [main][73439] DEBUG page_object.SignIn - Click on Account Profile
2021-09-24 18:56:20.237 [main][89586] ERROR command_providers.ElementActions - Element Exception for the locator By.id: email and exception is: org.openqa.selenium.NoSuchElementException: no such element: Unable to locate element: {"method":"css selector","selector":"#email"}
  (Session info: chrome=92.0.4515.159)
For documentation on this error, please visit: https://www.seleniumhq.org/exceptions/no_such_element.html
Build info: version: '3.141.59', revision: 'e82be7d358', time: '2018-11-14T08:17:03'
System info: host: 'MacBook-Pro.lan', ip: '2603:7000:cc03:42aa:0:0:0:1ae3%en0', os.name: 'Mac OS X', os.arch: 'x86_64', os.version: '10.16', java.version: '11.0.11'
Driver info: org.openqa.selenium.chrome.ChromeDriver
Capabilities {acceptInsecureCerts: false, browserName: chrome, browserVersion: 92.0.4515.159, chrome: {chromedriverVersion: 92.0.4515.107 (87a818b10553..., userDataDir: /var/folders/7h/kpzp938139d...}, goog:chromeOptions: {debuggerAddress: localhost:58221}, javascriptEnabled: true, networkConnectionEnabled: false, pageLoadStrategy: normal, platform: MAC, platformName: MAC, proxy: Proxy(), setWindowRect: true, strictFileInteractability: false, timeouts: {implicit: 0, pageLoad: 300000, script: 30000}, unhandledPromptBehavior: dismiss and notify, webauthn:extension:credBlob: true, webauthn:extension:largeBlob: true, webauthn:virtualAuthenticators: true}
Session ID: 8d4bd80a1074b13d5b94478df8e55f54
*** Element info: {Using=id, value=email}
2021-09-24 18:56:20.259 [main][89608] INFO  step_definations.Hooks - Close Chrome Browser
