2021-09-17 23:51:10.856 [main][12269] INFO  step_definations.Hooks - Launch Chrome Browser
2021-09-17 23:51:30.302 [main][31715] INFO  step_definations.SignIn - user is in the Home Page
2021-09-17 23:51:36.037 [main][37450] INFO  step_definations.SignIn - Click on My Account
2021-09-17 23:51:42.827 [main][44240] INFO  step_definations.SignIn - Click on Account Profile
2021-09-17 23:51:51.786 [main][53199] INFO  step_definations.SignIn - user has entered Credentials
2021-09-17 23:51:52.756 [main][54169] INFO  step_definations.SignIn - User clicked on login button
2021-09-17 23:51:59.346 [main][60759] INFO  step_definations.SignIn - User is on the Home Page
2021-09-17 23:51:59.565 [main][60978] INFO  step_definations.Hooks - Close Chrome Browser
2021-09-17 23:52:01.820 [main][63233] INFO  step_definations.Hooks - Launch Chrome Browser
2021-09-17 23:52:18.549 [main][79962] INFO  step_definations.SignIn - user is in the Home Page
2021-09-17 23:52:23.949 [main][85362] INFO  step_definations.SignIn - Click on My Account
2021-09-17 23:52:24.998 [main][86411] INFO  step_definations.SignIn - Click on Account Profile
2021-09-17 23:52:40.123 [main][101536] ERROR command_providers.ElementActions - Element Exception for the locator By.id: email and exception is: org.openqa.selenium.NoSuchElementException: no such element: Unable to locate element: {"method":"css selector","selector":"#email"}
  (Session info: chrome=92.0.4515.159)
For documentation on this error, please visit: https://www.seleniumhq.org/exceptions/no_such_element.html
Build info: version: '3.141.59', revision: 'e82be7d358', time: '2018-11-14T08:17:03'
System info: host: 'MacBook-Pro.lan', ip: '2603:7000:cc03:42aa:0:0:0:1ae3%en0', os.name: 'Mac OS X', os.arch: 'x86_64', os.version: '10.16', java.version: '11.0.11'
Driver info: org.openqa.selenium.chrome.ChromeDriver
Capabilities {acceptInsecureCerts: false, browserName: chrome, browserVersion: 92.0.4515.159, chrome: {chromedriverVersion: 92.0.4515.107 (87a818b10553..., userDataDir: /var/folders/7h/kpzp938139d...}, goog:chromeOptions: {debuggerAddress: localhost:60107}, javascriptEnabled: true, networkConnectionEnabled: false, pageLoadStrategy: normal, platform: MAC, platformName: MAC, proxy: Proxy(), setWindowRect: true, strictFileInteractability: false, timeouts: {implicit: 0, pageLoad: 300000, script: 30000}, unhandledPromptBehavior: dismiss and notify, webauthn:extension:credBlob: true, webauthn:extension:largeBlob: true, webauthn:virtualAuthenticators: true}
Session ID: 943fa9b57d1b4bac636810277940345f
*** Element info: {Using=id, value=email}
2021-09-17 23:52:40.143 [main][101556] INFO  step_definations.Hooks - Close Chrome Browser
2021-09-17 23:52:42.413 [main][103826] INFO  step_definations.Hooks - Launch Chrome Browser
2021-09-17 23:53:07.991 [main][129404] INFO  step_definations.SignIn - user is in the Home Page
2021-09-17 23:53:13.632 [main][135045] INFO  step_definations.SignIn - Click on My Account
2021-09-17 23:53:21.299 [main][142712] INFO  step_definations.SignIn - Click on Account Profile
2021-09-17 23:53:26.457 [main][147870] INFO  step_definations.SignIn - user has entered Credentials
2021-09-17 23:53:27.661 [main][149074] INFO  step_definations.SignIn - User clicked on login button
2021-09-17 23:53:42.769 [main][164182] INFO  step_definations.Hooks - Close Chrome Browser
2021-09-17 23:53:49.764 [main][171177] INFO  step_definations.Hooks - Launch Chrome Browser
2021-09-17 23:54:07.798 [main][189211] INFO  step_definations.SignIn - user is in the Home Page
2021-09-17 23:54:07.833 [main][189246] INFO  step_definations.Hooks - Close Chrome Browser
