2021-09-24 21:24:52.627 [main][5755] INFO  step_definations.Hooks - Launch Chrome Browser
2021-09-24 21:25:06.891 [main][20019] INFO  step_definations.ElectricalSteps - User is on the Home Page
2021-09-24 21:25:06.902 [main][20030] DEBUG page_object.SignIn - Click on My Account
2021-09-24 21:25:12.973 [main][26101] DEBUG page_object.SignIn - Click on Account Profile
2021-09-24 21:25:24.208 [main][37336] INFO  step_definations.SignInSteps - user has entered Credentials
2021-09-24 21:25:24.214 [main][37342] DEBUG page_object.SignIn - User clicked on login button
2021-09-24 21:25:41.087 [main][54215] ERROR command_providers.ElementActions - Element Exception for the locator By.xpath: //a[@id='headerMyAccount']//div[@class='MyAccount__userInfo SimpleFlyout__link--bold'] and exception is: org.openqa.selenium.NoSuchElementException: no such element: Unable to locate element: {"method":"xpath","selector":"//a[@id='headerMyAccount']//div[@class='MyAccount__userInfo SimpleFlyout__link--bold']"}
  (Session info: chrome=92.0.4515.159)
For documentation on this error, please visit: https://www.seleniumhq.org/exceptions/no_such_element.html
Build info: version: '3.141.59', revision: 'e82be7d358', time: '2018-11-14T08:17:03'
System info: host: 'MacBook-Pro.local', ip: 'fe80:0:0:0:17:3bd6:4b5b:4b9a%en0', os.name: 'Mac OS X', os.arch: 'x86_64', os.version: '10.16', java.version: '11.0.11'
Driver info: org.openqa.selenium.chrome.ChromeDriver
Capabilities {acceptInsecureCerts: false, browserName: chrome, browserVersion: 92.0.4515.159, chrome: {chromedriverVersion: 92.0.4515.107 (87a818b10553..., userDataDir: /var/folders/7h/kpzp938139d...}, goog:chromeOptions: {debuggerAddress: localhost:59382}, javascriptEnabled: true, networkConnectionEnabled: false, pageLoadStrategy: normal, platform: MAC, platformName: MAC, proxy: Proxy(), setWindowRect: true, strictFileInteractability: false, timeouts: {implicit: 0, pageLoad: 300000, script: 30000}, unhandledPromptBehavior: dismiss and notify, webauthn:extension:credBlob: true, webauthn:extension:largeBlob: true, webauthn:virtualAuthenticators: true}
Session ID: bd6177bad36ad310ee8ac5f64f3567e1
*** Element info: {Using=xpath, value=//a[@id='headerMyAccount']//div[@class='MyAccount__userInfo SimpleFlyout__link--bold']}
2021-09-24 21:25:41.108 [main][54236] INFO  step_definations.Hooks - Close Chrome Browser
2021-09-24 21:25:43.418 [main][56546] INFO  step_definations.Hooks - Launch Chrome Browser
2021-09-24 21:25:56.680 [main][69808] INFO  step_definations.ElectricalSteps - User is on the Home Page
2021-09-24 21:26:02.815 [main][75943] DEBUG page_object.Electrical - User Click on on Electrical
2021-09-24 21:26:12.999 [main][86127] DEBUG page_object.Electrical - Validate Electric Page
2021-09-24 21:26:13.245 [main][86373] INFO  step_definations.Hooks - Close Chrome Browser
2021-09-24 21:26:15.541 [main][88669] INFO  step_definations.Hooks - Close Chrome Browser
2021-09-24 21:26:17.780 [main][90908] INFO  step_definations.Hooks - Launch Chrome Browser
