2021-09-18 00:03:11.814 [main][6784] INFO  step_definations.Hooks - Launch Chrome Browser
2021-09-18 00:03:27.474 [main][22444] INFO  step_definations.SignIn - user is in the Home Page
2021-09-18 00:03:33.781 [main][28751] INFO  step_definations.SignIn - Click on My Account
2021-09-18 00:03:39.726 [main][34696] INFO  step_definations.SignIn - Click on Account Profile
2021-09-18 00:03:46.926 [main][41896] INFO  step_definations.SignIn - user has entered Credentials
2021-09-18 00:03:48.119 [main][43089] INFO  step_definations.SignIn - User clicked on login button
2021-09-18 00:03:55.745 [main][50715] INFO  step_definations.SignIn - User is on the Home Page
2021-09-18 00:03:55.909 [main][50879] INFO  step_definations.Hooks - Close Chrome Browser
2021-09-18 00:03:58.282 [main][53252] INFO  step_definations.Hooks - Launch Chrome Browser
2021-09-18 00:04:22.481 [main][77451] INFO  step_definations.SignIn - user is in the Home Page
2021-09-18 00:04:34.037 [main][89007] INFO  step_definations.SignIn - Click on My Account
2021-09-18 00:04:39.575 [main][94545] INFO  step_definations.SignIn - Click on Account Profile
2021-09-18 00:04:47.460 [main][102430] INFO  step_definations.SignIn - user has entered Credentials
2021-09-18 00:04:50.341 [main][105311] INFO  step_definations.SignIn - User clicked on login button
2021-09-18 00:04:57.227 [main][112197] INFO  step_definations.SignIn - User is on the Home Page
2021-09-18 00:04:57.464 [main][112434] INFO  step_definations.Hooks - Close Chrome Browser
2021-09-18 00:05:00.378 [main][115348] INFO  step_definations.Hooks - Launch Chrome Browser
2021-09-18 00:05:16.393 [main][131363] INFO  step_definations.SignIn - user is in the Home Page
2021-09-18 00:05:21.936 [main][136906] INFO  step_definations.SignIn - Click on My Account
2021-09-18 00:05:28.303 [main][143273] INFO  step_definations.SignIn - Click on Account Profile
2021-09-18 00:05:36.603 [main][151573] INFO  step_definations.SignIn - user has entered Credentials
2021-09-18 00:05:38.733 [main][153703] INFO  step_definations.SignIn - User clicked on login button
2021-09-18 00:05:53.914 [main][168884] INFO  step_definations.Hooks - Close Chrome Browser
2021-09-18 00:05:56.442 [main][171412] INFO  step_definations.Hooks - Launch Chrome Browser
2021-09-18 00:06:15.044 [main][190014] INFO  step_definations.SignIn - user is in the Home Page
2021-09-18 00:06:15.063 [main][190033] INFO  step_definations.Hooks - Close Chrome Browser
