2021-09-18 00:59:37.169 [main][6577] INFO  step_definations.Hooks - Launch Chrome Browser
2021-09-18 00:59:50.622 [main][20030] INFO  step_definations.SignIn - user is in the Home Page
2021-09-18 00:59:57.347 [main][26755] INFO  step_definations.SignIn - Click on My Account
2021-09-18 01:00:05.581 [main][34989] INFO  step_definations.SignIn - Click on Account Profile
2021-09-18 01:00:11.314 [main][40722] INFO  step_definations.SignIn - user has entered Credentials
2021-09-18 01:00:12.759 [main][42167] INFO  step_definations.SignIn - User clicked on login button
2021-09-18 01:00:18.515 [main][47923] INFO  step_definations.SignIn - User is on the Home Page
2021-09-18 01:00:18.520 [main][47928] INFO  step_definations.Hooks - Close Chrome Browser
2021-09-18 01:00:20.837 [main][50245] INFO  step_definations.Hooks - Launch Chrome Browser
2021-09-18 01:00:35.071 [main][64479] INFO  step_definations.SignIn - user is in the Home Page
2021-09-18 01:00:41.325 [main][70733] INFO  step_definations.SignIn - Click on My Account
2021-09-18 01:00:47.298 [main][76706] INFO  step_definations.SignIn - Click on Account Profile
2021-09-18 01:00:54.503 [main][83911] INFO  step_definations.SignIn - user has entered Credentials
2021-09-18 01:00:55.780 [main][85188] INFO  step_definations.SignIn - User clicked on login button
2021-09-18 01:01:02.238 [main][91646] INFO  step_definations.SignIn - User is on the Home Page
2021-09-18 01:01:02.246 [main][91654] INFO  step_definations.Hooks - Close Chrome Browser
2021-09-18 01:01:04.433 [main][93841] INFO  step_definations.Hooks - Launch Chrome Browser
2021-09-18 01:01:17.225 [main][106633] INFO  step_definations.SignIn - user is in the Home Page
2021-09-18 01:01:22.565 [main][111973] INFO  step_definations.SignIn - Click on My Account
2021-09-18 01:01:29.812 [main][119220] INFO  step_definations.SignIn - Click on Account Profile
2021-09-18 01:01:36.099 [main][125507] INFO  step_definations.SignIn - user has entered Credentials
2021-09-18 01:01:37.484 [main][126892] INFO  step_definations.SignIn - User clicked on login button
2021-09-18 01:01:43.272 [main][132680] INFO  step_definations.SignIn - User is on the Home Page
2021-09-18 01:01:43.275 [main][132683] INFO  step_definations.Hooks - Close Chrome Browser
2021-09-18 01:01:45.035 [main][134443] INFO  step_definations.Hooks - Launch Chrome Browser
2021-09-18 01:01:57.839 [main][147247] INFO  step_definations.SignIn - user is in the Home Page
2021-09-18 01:02:02.288 [main][151696] INFO  step_definations.SignIn - Click on My Account
2021-09-18 01:02:09.794 [main][159202] INFO  step_definations.SignIn - Click on Account Profile
2021-09-18 01:02:15.434 [main][164842] INFO  step_definations.SignIn - user has entered Credentials
2021-09-18 01:02:16.364 [main][165772] INFO  step_definations.SignIn - User clicked on login button
2021-09-18 01:02:17.736 [main][167144] INFO  step_definations.SignIn - User is still on the LogIn Page
2021-09-18 01:02:17.738 [main][167146] INFO  step_definations.Hooks - Close Chrome Browser
2021-09-18 01:02:19.274 [main][168682] INFO  step_definations.Hooks - Launch Chrome Browser
2021-09-18 01:02:34.546 [main][183954] INFO  step_definations.SignIn - user is in the Home Page
2021-09-18 01:02:50.257 [main][199665] ERROR command_providers.ElementActions - Element Exception for the locator By.id: email and exception is: org.openqa.selenium.NoSuchElementException: no such element: Unable to locate element: {"method":"css selector","selector":"#email"}
  (Session info: chrome=92.0.4515.159)
For documentation on this error, please visit: https://www.seleniumhq.org/exceptions/no_such_element.html
Build info: version: '3.141.59', revision: 'e82be7d358', time: '2018-11-14T08:17:03'
System info: host: 'MacBook-Pro.lan', ip: '2603:7000:cc03:42aa:0:0:0:1ae3%en0', os.name: 'Mac OS X', os.arch: 'x86_64', os.version: '10.16', java.version: '11.0.11'
Driver info: org.openqa.selenium.chrome.ChromeDriver
Capabilities {acceptInsecureCerts: false, browserName: chrome, browserVersion: 92.0.4515.159, chrome: {chromedriverVersion: 92.0.4515.107 (87a818b10553..., userDataDir: /var/folders/7h/kpzp938139d...}, goog:chromeOptions: {debuggerAddress: localhost:50613}, javascriptEnabled: true, networkConnectionEnabled: false, pageLoadStrategy: normal, platform: MAC, platformName: MAC, proxy: Proxy(), setWindowRect: true, strictFileInteractability: false, timeouts: {implicit: 0, pageLoad: 300000, script: 30000}, unhandledPromptBehavior: dismiss and notify, webauthn:extension:credBlob: true, webauthn:extension:largeBlob: true, webauthn:virtualAuthenticators: true}
Session ID: c7dabfb201f3dfa30d5083a1464aa0a1
*** Element info: {Using=id, value=email}
2021-09-18 01:02:50.303 [main][199711] INFO  step_definations.Hooks - Close Chrome Browser
